<?xml version="1.0" encoding="UTF-8"?>
<!-- Generated by org.testng.reporters.JUnitXMLReporter -->
<testsuite ignored="0" hostname="hrahman-lt-9955" failures="1" tests="3" name="Default test" time="27.443" errors="0" timestamp="2023-04-15T06:08:12 EET">
  <testcase classname="io.cucumber.testng.AbstractTestNGCucumberTests" name="runScenario" time="11.491">
    <failure type="java.lang.AssertionError" message="Lists differ at element [0]: 1 != 2 expected [1] but found [2]">
      <![CDATA[java.lang.AssertionError: Lists differ at element [0]: 1 != 2 expected [1] but found [2]
at org.testng.Assert.fail(Assert.java:97)
at org.testng.Assert.assertEqualsImpl(Assert.java:136)
at org.testng.Assert.assertEquals(Assert.java:1031)
at org.testng.Assert.assertEquals(Assert.java:993)
at steps.ValidateSubscriptionPackages.CheckPrices(ValidateSubscriptionPackages.java:61)
at ✽.the displayed prices are "1,3,6"(file:///C:/Users/Hagar.Abdelrahman/eclipse-workspace/STC/src/test/java/feature/ValidateSubscriptionPackages.feature:8)
]]>
    </failure>
  </testcase> <!-- runScenario -->
  <testcase classname="io.cucumber.testng.AbstractTestNGCucumberTests" name="runScenario" time="4.741"/>
  <testcase classname="io.cucumber.testng.AbstractTestNGCucumberTests" name="runScenario" time="6.475"/>
</testsuite> <!-- Default test -->
