<?xml version="1.0" encoding="UTF-8"?>
<!-- Generated by org.testng.reporters.JUnitXMLReporter -->
<testsuite ignored="0" hostname="hrahman-lt-9955" failures="2" tests="5" name="Default test" time="33.702" errors="0" timestamp="2023-04-15T06:26:07 EET">
  <testcase classname="io.cucumber.testng.AbstractTestNGCucumberTests" name="runScenario" time="8.693"/>
  <testcase classname="io.cucumber.testng.AbstractTestNGCucumberTests" name="runScenario" time="4.457"/>
  <testcase classname="io.cucumber.testng.AbstractTestNGCucumberTests" name="runScenario" time="6.305"/>
  <testcase classname="io.cucumber.testng.AbstractTestNGCucumberTests" name="runScenario" time="4.552">
    <failure type="java.lang.AssertionError" message="Lists differ at element [0]: 1 != 2 expected [1] but found [2]">
      <![CDATA[java.lang.AssertionError: Lists differ at element [0]: 1 != 2 expected [1] but found [2]
at org.testng.Assert.fail(Assert.java:97)
at org.testng.Assert.assertEqualsImpl(Assert.java:136)
at org.testng.Assert.assertEquals(Assert.java:1031)
at org.testng.Assert.assertEquals(Assert.java:993)
at steps.ValidateSubscriptionPackages.CheckPrices(ValidateSubscriptionPackages.java:77)
at ✽.the displayed prices are "1,3,6"(file:///C:/Users/Hagar.Abdelrahman/eclipse-workspace/STC/src/test/java/feature/ValidateSubscriptionPackages.feature:8)
]]>
    </failure>
  </testcase> <!-- runScenario -->
  <testcase classname="io.cucumber.testng.AbstractTestNGCucumberTests" name="runScenario" time="4.461">
    <failure type="java.lang.AssertionError" message="Lists differ at element [0]: SAR != KWD expected [SAR] but found [KWD]">
      <![CDATA[java.lang.AssertionError: Lists differ at element [0]: SAR != KWD expected [SAR] but found [KWD]
at org.testng.Assert.fail(Assert.java:97)
at org.testng.Assert.assertEqualsImpl(Assert.java:136)
at org.testng.Assert.assertEquals(Assert.java:1031)
at org.testng.Assert.assertEquals(Assert.java:993)
at steps.ValidateSubscriptionPackages.CheckCurrencies(ValidateSubscriptionPackages.java:89)
at ✽.the displayed currencies for each plan are "SAR,KWD,KWD"(file:///C:/Users/Hagar.Abdelrahman/eclipse-workspace/STC/src/test/java/feature/ValidateSubscriptionPackages.feature:9)
]]>
    </failure>
  </testcase> <!-- runScenario -->
</testsuite> <!-- Default test -->
