<?xml version="1.0" encoding="UTF-8"?>
<testng-results ignored="0" total="5" passed="3" failed="2" skipped="0">
  <reporter-output>
  </reporter-output>
  <suite started-at="2023-04-15T20:27:16 EET" name="Default suite" finished-at="2023-04-15T20:27:51 EET" duration-ms="35552">
    <groups>
      <group name="cucumber">
        <method signature="AbstractTestNGCucumberTests.runScenario(io.cucumber.testng.PickleWrapper, io.cucumber.testng.FeatureWrapper)[pri:0, instance:runner.runner@696da30b]" name="runScenario" class="io.cucumber.testng.AbstractTestNGCucumberTests"/>
      </group> <!-- cucumber -->
    </groups>
    <test started-at="2023-04-15T20:27:16 EET" name="Default test" finished-at="2023-04-15T20:27:51 EET" duration-ms="35552">
      <class name="runner.runner">
        <test-method is-config="true" signature="setUpClass(org.testng.ITestContext)[pri:0, instance:runner.runner@696da30b]" started-at="2023-04-15T20:27:16 EET" name="setUpClass" finished-at="2023-04-15T20:27:17 EET" duration-ms="976" status="PASS">
          <params>
            <param index="0">
              <value>
                <![CDATA[org.testng.TestRunner@71370fec]]>
              </value>
            </param>
          </params>
          <reporter-output>
          </reporter-output>
        </test-method> <!-- setUpClass -->
        <test-method is-config="true" signature="Setup()[pri:0, instance:runner.runner@696da30b]" started-at="2023-04-15T20:27:17 EET" name="Setup" finished-at="2023-04-15T20:27:20 EET" duration-ms="3716" status="PASS">
          <reporter-output>
          </reporter-output>
        </test-method> <!-- Setup -->
        <test-method signature="runScenario(io.cucumber.testng.PickleWrapper, io.cucumber.testng.FeatureWrapper)[pri:0, instance:runner.runner@696da30b]" started-at="2023-04-15T20:27:20 EET" name="runScenario" description="Runs Cucumber Scenarios" data-provider="scenarios" finished-at="2023-04-15T20:27:32 EET" duration-ms="11646" status="PASS">
          <params>
            <param index="0">
              <value>
                <![CDATA["Validate the Subscription Packages for each country"]]>
              </value>
            </param>
            <param index="1">
              <value>
                <![CDATA["Optional[Validate the Subscription Packages]"]]>
              </value>
            </param>
          </params>
          <reporter-output>
          </reporter-output>
        </test-method> <!-- runScenario -->
        <test-method signature="runScenario(io.cucumber.testng.PickleWrapper, io.cucumber.testng.FeatureWrapper)[pri:0, instance:runner.runner@696da30b]" started-at="2023-04-15T20:27:32 EET" name="runScenario" description="Runs Cucumber Scenarios" data-provider="scenarios" finished-at="2023-04-15T20:27:36 EET" duration-ms="4436" status="PASS">
          <params>
            <param index="0">
              <value>
                <![CDATA["Validate the Subscription Packages for each country"]]>
              </value>
            </param>
            <param index="1">
              <value>
                <![CDATA["Optional[Validate the Subscription Packages]"]]>
              </value>
            </param>
          </params>
          <reporter-output>
          </reporter-output>
        </test-method> <!-- runScenario -->
        <test-method signature="runScenario(io.cucumber.testng.PickleWrapper, io.cucumber.testng.FeatureWrapper)[pri:0, instance:runner.runner@696da30b]" started-at="2023-04-15T20:27:36 EET" name="runScenario" description="Runs Cucumber Scenarios" data-provider="scenarios" finished-at="2023-04-15T20:27:42 EET" duration-ms="5483" status="PASS">
          <params>
            <param index="0">
              <value>
                <![CDATA["Validate the Subscription Packages for each country"]]>
              </value>
            </param>
            <param index="1">
              <value>
                <![CDATA["Optional[Validate the Subscription Packages]"]]>
              </value>
            </param>
          </params>
          <reporter-output>
          </reporter-output>
        </test-method> <!-- runScenario -->
        <test-method signature="runScenario(io.cucumber.testng.PickleWrapper, io.cucumber.testng.FeatureWrapper)[pri:0, instance:runner.runner@696da30b]" started-at="2023-04-15T20:27:42 EET" name="runScenario" description="Runs Cucumber Scenarios" data-provider="scenarios" finished-at="2023-04-15T20:27:46 EET" duration-ms="4431" status="FAIL">
          <params>
            <param index="0">
              <value>
                <![CDATA["Validate the Subscription Packages for each country"]]>
              </value>
            </param>
            <param index="1">
              <value>
                <![CDATA["Optional[Validate the Subscription Packages]"]]>
              </value>
            </param>
          </params>
          <exception class="java.lang.AssertionError">
            <message>
              <![CDATA[null]]>
            </message>
            <full-stacktrace>
              <![CDATA[java.lang.AssertionError: null
at org.testng.Assert.fail(Assert.java:97)
at org.testng.Assert.fail(Assert.java:102)
at steps.TestBase.AssertEqualTowlists(TestBase.java:62)
at steps.ValidateSubscriptionPackages.CheckPrices(ValidateSubscriptionPackages.java:53)
at ✽.the displayed prices are "1,3,6"(file:///C:/Users/Hagar.Abdelrahman/eclipse-workspace/STC/src/test/java/feature/ValidateSubscriptionPackages.feature:8)
]]>
            </full-stacktrace>
          </exception> <!-- java.lang.AssertionError -->
          <reporter-output>
          </reporter-output>
        </test-method> <!-- runScenario -->
        <test-method signature="runScenario(io.cucumber.testng.PickleWrapper, io.cucumber.testng.FeatureWrapper)[pri:0, instance:runner.runner@696da30b]" started-at="2023-04-15T20:27:46 EET" name="runScenario" description="Runs Cucumber Scenarios" data-provider="scenarios" finished-at="2023-04-15T20:27:51 EET" duration-ms="4287" status="FAIL">
          <params>
            <param index="0">
              <value>
                <![CDATA["Validate the Subscription Packages for each country"]]>
              </value>
            </param>
            <param index="1">
              <value>
                <![CDATA["Optional[Validate the Subscription Packages]"]]>
              </value>
            </param>
          </params>
          <exception class="java.lang.AssertionError">
            <message>
              <![CDATA[null]]>
            </message>
            <full-stacktrace>
              <![CDATA[java.lang.AssertionError: null
at org.testng.Assert.fail(Assert.java:97)
at org.testng.Assert.fail(Assert.java:102)
at steps.TestBase.AssertEqualTowlists(TestBase.java:62)
at steps.ValidateSubscriptionPackages.CheckPlans(ValidateSubscriptionPackages.java:47)
at ✽.the displayed plans are "LITEE,CLASSIC,PREMIUM"(file:///C:/Users/Hagar.Abdelrahman/eclipse-workspace/STC/src/test/java/feature/ValidateSubscriptionPackages.feature:7)
]]>
            </full-stacktrace>
          </exception> <!-- java.lang.AssertionError -->
          <reporter-output>
          </reporter-output>
        </test-method> <!-- runScenario -->
        <test-method is-config="true" signature="TearDown()[pri:0, instance:runner.runner@696da30b]" started-at="2023-04-15T20:27:51 EET" name="TearDown" finished-at="2023-04-15T20:27:51 EET" duration-ms="494" status="PASS">
          <reporter-output>
          </reporter-output>
        </test-method> <!-- TearDown -->
        <test-method is-config="true" signature="tearDownClass()[pri:0, instance:runner.runner@696da30b]" started-at="2023-04-15T20:27:51 EET" name="tearDownClass" finished-at="2023-04-15T20:27:51 EET" duration-ms="12" status="PASS">
          <reporter-output>
          </reporter-output>
        </test-method> <!-- tearDownClass -->
      </class> <!-- runner.runner -->
    </test> <!-- Default test -->
  </suite> <!-- Default suite -->
</testng-results>
